{"name": "test_verify_order_details_are_shown_on_the_details_page[rahulsingh@test.com-Test@123]", "status": "failed", "statusDetails": {"message": "AssertionError: Order ID 687dd3256eb3777530ac65d1 not found in the table\nassert '687dd3256eb3777530ac65d1' in []\n +  where [] = <bound method OrdersPage.get_orders of <PageObjects.OrdersPage.OrdersPage object at 0x0000020AD85FA4C8>>()\n +    where <bound method OrdersPage.get_orders of <PageObjects.OrdersPage.OrdersPage object at 0x0000020AD85FA4C8>> = <PageObjects.OrdersPage.OrdersPage object at 0x0000020AD85FA4C8>.get_orders", "trace": "fixturefunc = <function orderfind at 0x0000020AD81F05E8>\nrequest = <FixtureRequest for <Function test_verify_order_details_are_shown_on_the_details_page[rahulsingh@test.com-Test@123]>>\nkwargs = {'shared_data': {'dashboard': <PageObjects.Dashboard.Dashboard object at 0x0000020AD85AE4C8>, 'loginpage': <PageObject...'order_id': '687dd3256eb3777530ac65d1', 'orderpage': <PageObjects.OrdersPage.OrdersPage object at 0x0000020AD85FA4C8>}}\n\n    def call_fixture_func(\n        fixturefunc: \"_FixtureFunc[FixtureValue]\", request: FixtureRequest, kwargs\n    ) -> FixtureValue:\n        if is_generator(fixturefunc):\n            fixturefunc = cast(\n                Callable[..., Generator[FixtureValue, None, None]], fixturefunc\n            )\n            generator = fixturefunc(**kwargs)\n            try:\n                fixture_result = next(generator)\n            except StopIteration:\n                raise ValueError(f\"{request.fixturename} did not yield a value\") from None\n            finalizer = functools.partial(_teardown_yield_fixture, fixturefunc, generator)\n            request.addfinalizer(finalizer)\n        else:\n            fixturefunc = cast(Callable[..., FixtureValue], fixturefunc)\n>           fixture_result = fixturefunc(**kwargs)\n\n.venv\\lib\\site-packages\\_pytest\\fixtures.py:902: \n_ _ _ _ _ _ _ _ _ _ _ _ _ _ _ _ _ _ _ _ _ _ _ _ _ _ _ _ _ _ _ _ _ _ _ _ _ _ _ _ _ _ _ _ _ _ _ _ _ _ _ _ _ _ _ _ _ _ _ _ _ _ _ _ _ _ _ _ _ _ _ _ _ _ _ _ _ _ _ _ _ \n\nshared_data = {'dashboard': <PageObjects.Dashboard.Dashboard object at 0x0000020AD85AE4C8>, 'loginpage': <PageObjects.LoginPage.Logi... 'order_id': '687dd3256eb3777530ac65d1', 'orderpage': <PageObjects.OrdersPage.OrdersPage object at 0x0000020AD85FA4C8>}\n\n    @then(\"the order id is successfully displayed\")\n    def orderfind(shared_data):\n        orderpage = shared_data['orderpage']\n        order_id = shared_data['order_id']\n>       assert order_id in orderpage.get_orders(), f\"Order ID {order_id} not found in the table\"\nE       AssertionError: Order ID 687dd3256eb3777530ac65d1 not found in the table\nE       assert '687dd3256eb3777530ac65d1' in []\nE        +  where [] = <bound method OrdersPage.get_orders of <PageObjects.OrdersPage.OrdersPage object at 0x0000020AD85FA4C8>>()\nE        +    where <bound method OrdersPage.get_orders of <PageObjects.OrdersPage.OrdersPage object at 0x0000020AD85FA4C8>> = <PageObjects.OrdersPage.OrdersPage object at 0x0000020AD85FA4C8>.get_orders\n\ntest_hybrid_BDD.py:48: AssertionError"}, "description": "C:\\Users\\Rahul\\PycharmProjects\\Playwright_FrameWork_from_Scratch\\features\\orders.feature: Verify order details are shown on the Details Page", "parameters": [{"name": "_pytest_bdd_example", "value": "{'username': 'rahulsingh@test.com', 'Password': 'Test@123'}"}], "start": 1753076516344, "stop": 1753076523474, "uuid": "80a47f92-a482-444d-bf1d-776671e34122", "historyId": "86342028afabcdcf32218746acbba89d", "testCaseId": "e8b9eaf5863bd7fd25bb9773867bbc81", "fullName": "test_hybrid_BDD#test_verify_order_details_are_shown_on_the_details_page", "labels": [{"name": "suite", "value": "test_hybrid_BDD"}, {"name": "host", "value": "DESKTOP-K4GP7T7"}, {"name": "thread", "value": "11816-MainThread"}, {"name": "framework", "value": "pytest"}, {"name": "language", "value": "cpython3"}, {"name": "package", "value": "test_hybrid_BDD"}]}